{
  "stats": {
    "suites": 36,
    "tests": 292,
    "passes": 284,
    "pending": 0,
    "failures": 7,
    "start": "2022-12-17T19:19:58.733Z",
    "end": "2022-12-17T21:39:38.192Z",
    "duration": 2231224,
    "testsRegistered": 292,
    "passPercent": 97.26027397260275,
    "pendingPercent": 0,
    "other": 0,
    "hasOther": false,
    "skipped": 1,
    "hasSkipped": true
  },
  "results": [
    {
      "uuid": "8e92a98b-e118-47fd-abc6-0b988c4c96d4",
      "title": "",
      "fullFile": "cypress\\e2e\\test\\authentication.cy.js",
      "file": "cypress\\e2e\\test\\authentication.cy.js",
      "beforeHooks": [],
      "afterHooks": [],
      "tests": [],
      "suites": [
        {
          "uuid": "3fb80920-60ce-49b7-bbdf-3f7382c52f11",
          "title": "Authentication",
          "fullFile": "",
          "file": "",
          "beforeHooks": [],
          "afterHooks": [],
          "tests": [
            {
              "title": "Verify that when the user clicks the sign in or register button they are redirected to a page to sign in ",
              "fullTitle": "Authentication Verify that when the user clicks the sign in or register button they are redirected to a page to sign in ",
              "timedOut": null,
              "duration": 3649,
              "state": "passed",
              "speed": "fast",
              "pass": true,
              "fail": false,
              "pending": false,
              "context": null,
              "code": "cy.get(_auth.default.signInOrRegisterBtn).click(); //Login on to site.\ncy.url().should('contain', 'https://dev-mlluudmotpwoldtv.us.auth0.com');",
              "err": {},
              "uuid": "2794ca8d-de27-4374-91db-3f27cbff18be",
              "parentUUID": "3fb80920-60ce-49b7-bbdf-3f7382c52f11",
              "isHook": false,
              "skipped": false
            },
            {
              "title": "Verify user logging in with valid user",
              "fullTitle": "Authentication Verify user logging in with valid user",
              "timedOut": null,
              "duration": 5183,
              "state": "passed",
              "speed": "medium",
              "pass": true,
              "fail": false,
              "pending": false,
              "context": null,
              "code": "cy.get(_auth.default.signInOrRegisterBtn).click(); //Login on to site.\ncy.origin(\"https://dev-mlluudmotpwoldtv.us.auth0.com\", {\n  args: user\n}, user => {\n  cy.get('#1-email').type(user.email);\n  cy.get('#1-password').type(user.password);\n  cy.get('#1-submit').click();\n});\ncy.url().should('contain', user.url);",
              "err": {},
              "uuid": "05a78ae7-6d0f-4729-9aae-2b0031299f3f",
              "parentUUID": "3fb80920-60ce-49b7-bbdf-3f7382c52f11",
              "isHook": false,
              "skipped": false
            },
            {
              "title": "Verify user logging in with invalid email user",
              "fullTitle": "Authentication Verify user logging in with invalid email user",
              "timedOut": null,
              "duration": 4565,
              "state": "passed",
              "speed": "fast",
              "pass": true,
              "fail": false,
              "pending": false,
              "context": null,
              "code": "cy.get(_auth.default.signInOrRegisterBtn).click(); //Login on to site.\ncy.origin(\"https://dev-mlluudmotpwoldtv.us.auth0.com\", {\n  args: user\n}, user => {\n  cy.get('#1-email').type(user.email);\n  cy.get('#1-password').type(user.password);\n  cy.get('#1-submit').click();\n});\ncy.get(_auth.default.loginErrorMessage).should('contain', user.errorMsgAlert);",
              "err": {},
              "uuid": "6f8bd10a-9cc9-41e6-b35f-66120be810a5",
              "parentUUID": "3fb80920-60ce-49b7-bbdf-3f7382c52f11",
              "isHook": false,
              "skipped": false
            },
            {
              "title": "Verify that signing up with already registered user",
              "fullTitle": "Authentication Verify that signing up with already registered user",
              "timedOut": null,
              "duration": 3748,
              "state": "passed",
              "speed": "fast",
              "pass": true,
              "fail": false,
              "pending": false,
              "context": null,
              "code": "cy.get(_auth.default.signInOrRegisterBtn).click(); //Login on to site.\ncy.origin(\"https://dev-mlluudmotpwoldtv.us.auth0.com\", {\n  args: user\n}, user => {\n  cy.get('.auth0-lock-tabs > li').eq(1).click();\n  cy.get('#1-email').type(user.email);\n  cy.get('#1-password').type(user.password);\n  cy.get('#1-submit').click();\n});\ncy.get(_auth.default.loginErrorMessage).should('contain', user.errorMsgAlert);",
              "err": {},
              "uuid": "8dc810b5-d02c-455b-9f05-1491d08e5115",
              "parentUUID": "3fb80920-60ce-49b7-bbdf-3f7382c52f11",
              "isHook": false,
              "skipped": false
            },
            {
              "title": "Verify that signing up with valid user",
              "fullTitle": "Authentication Verify that signing up with valid user",
              "timedOut": null,
              "duration": 5198,
              "state": "passed",
              "speed": "medium",
              "pass": true,
              "fail": false,
              "pending": false,
              "context": null,
              "code": "let email = _faker.faker.internet.email(undefined, undefined, 'faker.com');\ncy.get(_auth.default.signInOrRegisterBtn).click(); //Login on to site.\ncy.origin(\"https://dev-mlluudmotpwoldtv.us.auth0.com\", {\n  args: {\n    user,\n    email\n  }\n}, ({\n  user,\n  email\n}) => {\n  cy.get('.auth0-lock-tabs > li').eq(1).click();\n  if (user.email !== '') {\n    cy.get('#1-email').type(user.email);\n  } else {\n    cy.get('#1-email').type(email);\n  }\n  cy.get('#1-password').type(user.password);\n  cy.get('#1-submit').click();\n});\ncy.url().should('contain', user.url);",
              "err": {},
              "uuid": "5b6d7b7d-d034-453e-959f-8e8dcc6754a4",
              "parentUUID": "3fb80920-60ce-49b7-bbdf-3f7382c52f11",
              "isHook": false,
              "skipped": false
            }
          ],
          "suites": [],
          "passes": [
            "2794ca8d-de27-4374-91db-3f27cbff18be",
            "05a78ae7-6d0f-4729-9aae-2b0031299f3f",
            "6f8bd10a-9cc9-41e6-b35f-66120be810a5",
            "8dc810b5-d02c-455b-9f05-1491d08e5115",
            "5b6d7b7d-d034-453e-959f-8e8dcc6754a4"
          ],
          "failures": [],
          "pending": [],
          "skipped": [],
          "duration": 22343,
          "root": false,
          "rootEmpty": false,
          "_timeout": 2000
        }
      ],
      "passes": [],
      "failures": [],
      "pending": [],
      "skipped": [],
      "duration": 0,
      "root": true,
      "rootEmpty": true,
      "_timeout": 2000
    },
    {
      "uuid": "6443a1b6-f3cc-4eb0-8aa5-0f1c1670bd7c",
      "title": "",
      "fullFile": "cypress\\e2e\\test\\cart.cy.js",
      "file": "cypress\\e2e\\test\\cart.cy.js",
      "beforeHooks": [],
      "afterHooks": [],
      "tests": [],
      "suites": [
        {
          "uuid": "d72cba90-34bd-4563-b65a-b76497be40e2",
          "title": "Cart",
          "fullFile": "",
          "file": "",
          "beforeHooks": [],
          "afterHooks": [],
          "tests": [
            {
              "title": "Verify that a user is able to see the amount of items in the cart",
              "fullTitle": "Cart Verify that a user is able to see the amount of items in the cart",
              "timedOut": null,
              "duration": 8989,
              "state": "passed",
              "speed": "medium",
              "pass": true,
              "fail": false,
              "pending": false,
              "context": null,
              "code": "_product.default.addItemToCart(0);\ncy.get(_cart.default.cartBackBtn).should('be.visible');\ncy.get(_cart.default.cartBackBtn).click();\ncy.get(_product.default.backToProductsBtn).click();\n_product.default.addItemToCart(1);\ncy.get(_cart.default.amountOfItemsIcon).should('have.text', ' 2 ');",
              "err": {},
              "uuid": "cdd94e7b-e6a9-4a0c-afa0-566002b4635f",
              "parentUUID": "d72cba90-34bd-4563-b65a-b76497be40e2",
              "isHook": false,
              "skipped": false
            },
            {
              "title": "Verify that a user can see the all items added in the cart",
              "fullTitle": "Cart Verify that a user can see the all items added in the cart",
              "timedOut": null,
              "duration": 7591,
              "state": "passed",
              "speed": "medium",
              "pass": true,
              "fail": false,
              "pending": false,
              "context": null,
              "code": "_product.default.addItemToCart(0);\ncy.get(_cart.default.cartBackBtn).should('be.visible');\ncy.get(_cart.default.cartBackBtn).click();\ncy.get(_product.default.backToProductsBtn).click();\n_product.default.addItemToCart(1);\ncy.get(_cart.default.itemInCartName).eq(0).should('have.text', _products.default.products[1].name);\ncy.get(_cart.default.itemInCartDescription).eq(0).should('have.text', _products.default.products[1].description);\ncy.get(_cart.default.itemInCartName).eq(1).should('have.text', _products.default.products[0].name);\ncy.get(_cart.default.itemInCartDescription).eq(1).should('have.text', _products.default.products[0].description);",
              "err": {},
              "uuid": "657c9f57-d6ec-4373-bad4-307eca27c5f4",
              "parentUUID": "d72cba90-34bd-4563-b65a-b76497be40e2",
              "isHook": false,
              "skipped": false
            },
            {
              "title": "Verify that a user can see the all items added in the cart",
              "fullTitle": "Cart Verify that a user can see the all items added in the cart",
              "timedOut": null,
              "duration": 7251,
              "state": "passed",
              "speed": "medium",
              "pass": true,
              "fail": false,
              "pending": false,
              "context": null,
              "code": "_product.default.addItemToCart(0);\n_cart.default.deleteFirstItemInCart();\ncy.get(_cart.default.emptyCartTitle).contains(' Your cart is empty. ');",
              "err": {},
              "uuid": "d33e5222-a5d3-42ef-ae83-072c67231549",
              "parentUUID": "d72cba90-34bd-4563-b65a-b76497be40e2",
              "isHook": false,
              "skipped": false
            },
            {
              "title": "Verify that a user can click the checkout CTA in the cart to be redirected to the checkout form",
              "fullTitle": "Cart Verify that a user can click the checkout CTA in the cart to be redirected to the checkout form",
              "timedOut": null,
              "duration": 8128,
              "state": "passed",
              "speed": "medium",
              "pass": true,
              "fail": false,
              "pending": false,
              "context": null,
              "code": "_product.default.addItemToCart(0);\ncy.get(_cart.default.cartCheckoutBtn).click();\ncy.url().should('contain', '/checkout');",
              "err": {},
              "uuid": "81a4882f-5e6b-436d-89a1-ab5d469c39e2",
              "parentUUID": "d72cba90-34bd-4563-b65a-b76497be40e2",
              "isHook": false,
              "skipped": false
            }
          ],
          "suites": [],
          "passes": [
            "cdd94e7b-e6a9-4a0c-afa0-566002b4635f",
            "657c9f57-d6ec-4373-bad4-307eca27c5f4",
            "d33e5222-a5d3-42ef-ae83-072c67231549",
            "81a4882f-5e6b-436d-89a1-ab5d469c39e2"
          ],
          "failures": [],
          "pending": [],
          "skipped": [],
          "duration": 31959,
          "root": false,
          "rootEmpty": false,
          "_timeout": 2000
        }
      ],
      "passes": [],
      "failures": [],
      "pending": [],
      "skipped": [],
      "duration": 0,
      "root": true,
      "rootEmpty": true,
      "_timeout": 2000
    },
    {
      "uuid": "9c372d33-5c3a-4a82-ba82-b790f202c3da",
      "title": "",
      "fullFile": "cypress\\e2e\\test\\checkout.cy.js",
      "file": "cypress\\e2e\\test\\checkout.cy.js",
      "beforeHooks": [],
      "afterHooks": [],
      "tests": [],
      "suites": [
        {
          "uuid": "a03feb2b-877f-48f6-bed0-6a3e98bec1ea",
          "title": "Checkout",
          "fullFile": "",
          "file": "",
          "beforeHooks": [],
          "afterHooks": [],
          "tests": [
            {
              "title": "Verify that the user is able to continue to payment",
              "fullTitle": "Checkout Verify that the user is able to continue to payment",
              "timedOut": null,
              "duration": 15141,
              "state": "passed",
              "speed": "slow",
              "pass": true,
              "fail": false,
              "pending": false,
              "context": null,
              "code": "_checkout.default.fillCheckoutInfoForm(i.full_name, i.email, i.streetAddress, i.city, i.country, i.state, i.zipcode);\ncy.get(_checkout.default.checkoutContinueToPaymentBtn).click({\n  force: true\n});\n_checkout.default.fillCheckoutPaymentForm(i.card, i.cardDate, i.cvv);\ncy.get(_checkout.default.checkoutContinueToPaymentBtn).click({\n  force: true\n});\ncy.url().should('contain', 'order');",
              "err": {},
              "uuid": "433796ad-47c0-4c25-9578-db2d5e1e87c5",
              "parentUUID": "a03feb2b-877f-48f6-bed0-6a3e98bec1ea",
              "isHook": false,
              "skipped": false
            },
            {
              "title": "Verify that the email field is required to continue to payment",
              "fullTitle": "Checkout Verify that the email field is required to continue to payment",
              "timedOut": null,
              "duration": 10378,
              "state": "passed",
              "speed": "slow",
              "pass": true,
              "fail": false,
              "pending": false,
              "context": null,
              "code": "_checkout.default.fillCheckoutInfoForm(i.full_name, i.email, i.streetAddress, i.city, i.country, i.state, i.zipcode);\ncy.get(_checkout.default.checkoutContinueToPaymentBtn).click({\n  force: true\n});\ncy.get(_checkout.default.checkoutInfoErrorHint).contains(i.errorHint);",
              "err": {},
              "uuid": "1401c4bc-696d-4b01-a73b-466bf21d77a7",
              "parentUUID": "a03feb2b-877f-48f6-bed0-6a3e98bec1ea",
              "isHook": false,
              "skipped": false
            },
            {
              "title": "Verify that the city field is required to continue to payment",
              "fullTitle": "Checkout Verify that the city field is required to continue to payment",
              "timedOut": null,
              "duration": 8907,
              "state": "passed",
              "speed": "medium",
              "pass": true,
              "fail": false,
              "pending": false,
              "context": null,
              "code": "_checkout.default.fillCheckoutInfoForm(i.full_name, i.email, i.streetAddress, i.city, i.country, i.state, i.zipcode);\ncy.get(_checkout.default.checkoutContinueToPaymentBtn).click({\n  force: true\n});\ncy.get(_checkout.default.checkoutInfoErrorHint).contains(i.errorHint);",
              "err": {},
              "uuid": "608ab189-df11-4618-b58c-af0b65ef7f6d",
              "parentUUID": "a03feb2b-877f-48f6-bed0-6a3e98bec1ea",
              "isHook": false,
              "skipped": false
            },
            {
              "title": "Verify that the country field is required to continue to payment",
              "fullTitle": "Checkout Verify that the country field is required to continue to payment",
              "timedOut": null,
              "duration": 9894,
              "state": "passed",
              "speed": "medium",
              "pass": true,
              "fail": false,
              "pending": false,
              "context": null,
              "code": "_checkout.default.fillCheckoutInfoForm(i.full_name, i.email, i.streetAddress, i.city, i.country, i.state, i.zipcode);\ncy.get(_checkout.default.checkoutContinueToPaymentBtn).click({\n  force: true\n});\ncy.get(_checkout.default.checkoutInfoErrorHint).contains(i.errorHint);",
              "err": {},
              "uuid": "a68f0850-41ee-4ed1-9da5-1e3401363618",
              "parentUUID": "a03feb2b-877f-48f6-bed0-6a3e98bec1ea",
              "isHook": false,
              "skipped": false
            },
            {
              "title": "Verify that the zipcode field is required to continue to payment",
              "fullTitle": "Checkout Verify that the zipcode field is required to continue to payment",
              "timedOut": null,
              "duration": 9109,
              "state": "passed",
              "speed": "medium",
              "pass": true,
              "fail": false,
              "pending": false,
              "context": null,
              "code": "_checkout.default.fillCheckoutInfoForm(i.full_name, i.email, i.streetAddress, i.city, i.country, i.state, i.zipcode);\ncy.get(_checkout.default.checkoutContinueToPaymentBtn).click({\n  force: true\n});\ncy.get(_checkout.default.checkoutInfoErrorHint).contains(i.errorHint);",
              "err": {},
              "uuid": "4ead4211-bc65-4163-afab-1ac3edb6e682",
              "parentUUID": "a03feb2b-877f-48f6-bed0-6a3e98bec1ea",
              "isHook": false,
              "skipped": false
            },
            {
              "title": "Verify that the user is able to see the summary of their order",
              "fullTitle": "Checkout Verify that the user is able to see the summary of their order",
              "timedOut": null,
              "duration": 16119,
              "state": "passed",
              "speed": "slow",
              "pass": true,
              "fail": false,
              "pending": false,
              "context": null,
              "code": "const i = _usersCheckout.default[0];\n_checkout.default.fillCheckoutInfoForm(i.full_name, i.email, i.streetAddress, i.city, i.country, i.state, i.zipcode);\ncy.get(_checkout.default.checkoutContinueToPaymentBtn).click({\n  force: true\n});\n_checkout.default.fillCheckoutPaymentForm(i.card, i.cardDate, i.cvv);\ncy.get(_checkout.default.checkoutContinueToPaymentBtn).click({\n  force: true\n});\ncy.get(_checkout.default.checkoutSummaryItemName, {\n  timeout: 3000\n}).should('exist');",
              "err": {},
              "uuid": "61428cfa-e64b-4d08-95f6-2b56b2a281e2",
              "parentUUID": "a03feb2b-877f-48f6-bed0-6a3e98bec1ea",
              "isHook": false,
              "skipped": false
            }
          ],
          "suites": [],
          "passes": [
            "433796ad-47c0-4c25-9578-db2d5e1e87c5",
            "1401c4bc-696d-4b01-a73b-466bf21d77a7",
            "608ab189-df11-4618-b58c-af0b65ef7f6d",
            "a68f0850-41ee-4ed1-9da5-1e3401363618",
            "4ead4211-bc65-4163-afab-1ac3edb6e682",
            "61428cfa-e64b-4d08-95f6-2b56b2a281e2"
          ],
          "failures": [],
          "pending": [],
          "skipped": [],
          "duration": 69548,
          "root": false,
          "rootEmpty": false,
          "_timeout": 2000
        }
      ],
      "passes": [],
      "failures": [],
      "pending": [],
      "skipped": [],
      "duration": 0,
      "root": true,
      "rootEmpty": true,
      "_timeout": 2000
    },
    {
      "uuid": "bf094786-2c18-433c-abd7-60fdd3371875",
      "title": "",
      "fullFile": "cypress\\e2e\\test\\filter-and-sort.cy.js",
      "file": "cypress\\e2e\\test\\filter-and-sort.cy.js",
      "beforeHooks": [],
      "afterHooks": [],
      "tests": [],
      "suites": [
        {
          "uuid": "10f3eaca-0b68-492c-8cfc-a0b8f3faad57",
          "title": "Filter and Sort",
          "fullFile": "",
          "file": "",
          "beforeHooks": [],
          "afterHooks": [],
          "tests": [
            {
              "title": "Verify that a user is able to sort items on the product page from A to Z",
              "fullTitle": "Filter and Sort Verify that a user is able to sort items on the product page from A to Z",
              "timedOut": null,
              "duration": 7925,
              "state": "passed",
              "speed": "medium",
              "pass": true,
              "fail": false,
              "pending": false,
              "context": null,
              "code": "_product.default.selectFilter(_products.default.filter['A to Z']);\ncy.wait(500);\n_products.default.products.sort((a, b) => {\n  if (a.name.trim() > b.name.trim()) {\n    return 1;\n  } else {\n    return -1;\n  }\n});\ncy.get(_product.default.productName).each(($elem, index) => {\n  expect($elem.text()).equal(_products.default.products[index].name.trim());\n});",
              "err": {},
              "uuid": "f3a0d566-b5e6-4d1f-a422-d947b795a7ef",
              "parentUUID": "10f3eaca-0b68-492c-8cfc-a0b8f3faad57",
              "isHook": false,
              "skipped": false
            },
            {
              "title": "Verify that a user is able to sort items on the product page from Z to A",
              "fullTitle": "Filter and Sort Verify that a user is able to sort items on the product page from Z to A",
              "timedOut": null,
              "duration": 5787,
              "state": "passed",
              "speed": "medium",
              "pass": true,
              "fail": false,
              "pending": false,
              "context": null,
              "code": "_product.default.selectFilter(_products.default.filter['Z to A']);\ncy.wait(500); // products.products.sort().reverse()\n_products.default.products.sort((a, b) => {\n  if (a.name.trim() > b.name.trim()) {\n    return 1;\n  } else {\n    return -1;\n  }\n}).reverse();\ncy.get(_product.default.productName).each(($elem, index) => {\n  expect($elem.text()).equal(_products.default.products[index].name.trim());\n});",
              "err": {},
              "uuid": "14ef1e1d-3524-4abf-bc69-17758100a534",
              "parentUUID": "10f3eaca-0b68-492c-8cfc-a0b8f3faad57",
              "isHook": false,
              "skipped": false
            },
            {
              "title": "Verify that a user is able to sort items on the product page from low to high",
              "fullTitle": "Filter and Sort Verify that a user is able to sort items on the product page from low to high",
              "timedOut": null,
              "duration": 5914,
              "state": "passed",
              "speed": "medium",
              "pass": true,
              "fail": false,
              "pending": false,
              "context": null,
              "code": "_product.default.selectFilter(_products.default.filter['Low to High']);\ncy.wait(500);\n_products.default.products.sort((a, b) => a.price - b.price);\ncy.get(_product.default.productPriceTags).each(($elem, index) => {\n  expect($elem.text()).equal(`$${_products.default.products[index].price}`);\n});",
              "err": {},
              "uuid": "6716b830-bc53-4b8b-b474-8a958cdfa321",
              "parentUUID": "10f3eaca-0b68-492c-8cfc-a0b8f3faad57",
              "isHook": false,
              "skipped": false
            },
            {
              "title": "Verify that a user is able to sort items on the product page from High to Low",
              "fullTitle": "Filter and Sort Verify that a user is able to sort items on the product page from High to Low",
              "timedOut": null,
              "duration": 6373,
              "state": "passed",
              "speed": "medium",
              "pass": true,
              "fail": false,
              "pending": false,
              "context": null,
              "code": "_product.default.selectFilter(_products.default.filter['High to Low']);\ncy.wait(500);\n_products.default.products.sort((a, b) => b.price - a.price);\ncy.get(_product.default.productPriceTags).each(($elem, index) => {\n  expect($elem.text()).equal(`$${_products.default.products[index].price}`);\n});",
              "err": {},
              "uuid": "ca654304-2d67-4583-9968-4bce970f0318",
              "parentUUID": "10f3eaca-0b68-492c-8cfc-a0b8f3faad57",
              "isHook": false,
              "skipped": false
            }
          ],
          "suites": [],
          "passes": [
            "f3a0d566-b5e6-4d1f-a422-d947b795a7ef",
            "14ef1e1d-3524-4abf-bc69-17758100a534",
            "6716b830-bc53-4b8b-b474-8a958cdfa321",
            "ca654304-2d67-4583-9968-4bce970f0318"
          ],
          "failures": [],
          "pending": [],
          "skipped": [],
          "duration": 25999,
          "root": false,
          "rootEmpty": false,
          "_timeout": 2000
        }
      ],
      "passes": [],
      "failures": [],
      "pending": [],
      "skipped": [],
      "duration": 0,
      "root": true,
      "rootEmpty": true,
      "_timeout": 2000
    },
    {
      "uuid": "87e692cc-075c-49cf-94ad-e4784ee19052",
      "title": "",
      "fullFile": "cypress\\e2e\\test\\product.cy.js",
      "file": "cypress\\e2e\\test\\product.cy.js",
      "beforeHooks": [],
      "afterHooks": [],
      "tests": [],
      "suites": [
        {
          "uuid": "79e40ce2-6dfe-4ba5-a975-dd38de08b6bc",
          "title": "Product Gallery",
          "fullFile": "",
          "file": "",
          "beforeHooks": [],
          "afterHooks": [],
          "tests": [
            {
              "title": "Verify that users are able to see an \"Add to Cart\" button for each item [0]",
              "fullTitle": "Product Gallery Verify that users are able to see an \"Add to Cart\" button for each item [0]",
              "timedOut": null,
              "duration": 6688,
              "state": "passed",
              "speed": "medium",
              "pass": true,
              "fail": false,
              "pending": false,
              "context": null,
              "code": "cy.get(_product.default.getProductId(i)).find(_product.default.addToCartBtns).scrollIntoView().should('be.visible');",
              "err": {},
              "uuid": "f1ee63c4-6bb1-48d2-9101-101c6cacd54a",
              "parentUUID": "79e40ce2-6dfe-4ba5-a975-dd38de08b6bc",
              "isHook": false,
              "skipped": false
            },
            {
              "title": "Verify that users are able to see an \"Add to Cart\" button for each item [1]",
              "fullTitle": "Product Gallery Verify that users are able to see an \"Add to Cart\" button for each item [1]",
              "timedOut": null,
              "duration": 4849,
              "state": "passed",
              "speed": "fast",
              "pass": true,
              "fail": false,
              "pending": false,
              "context": null,
              "code": "cy.get(_product.default.getProductId(i)).find(_product.default.addToCartBtns).scrollIntoView().should('be.visible');",
              "err": {},
              "uuid": "c4688d2b-88e3-4bfd-91f5-8dcc8c4857c2",
              "parentUUID": "79e40ce2-6dfe-4ba5-a975-dd38de08b6bc",
              "isHook": false,
              "skipped": false
            },
            {
              "title": "Verify that users are able to see an \"Add to Cart\" button for each item [2]",
              "fullTitle": "Product Gallery Verify that users are able to see an \"Add to Cart\" button for each item [2]",
              "timedOut": null,
              "duration": 4828,
              "state": "passed",
              "speed": "fast",
              "pass": true,
              "fail": false,
              "pending": false,
              "context": null,
              "code": "cy.get(_product.default.getProductId(i)).find(_product.default.addToCartBtns).scrollIntoView().should('be.visible');",
              "err": {},
              "uuid": "3715ae08-d824-4f07-98ca-b80fbc3d3542",
              "parentUUID": "79e40ce2-6dfe-4ba5-a975-dd38de08b6bc",
              "isHook": false,
              "skipped": false
            },
            {
              "title": "Verify that users are able to see an \"Add to Cart\" button for each item [3]",
              "fullTitle": "Product Gallery Verify that users are able to see an \"Add to Cart\" button for each item [3]",
              "timedOut": null,
              "duration": 4883,
              "state": "passed",
              "speed": "fast",
              "pass": true,
              "fail": false,
              "pending": false,
              "context": null,
              "code": "cy.get(_product.default.getProductId(i)).find(_product.default.addToCartBtns).scrollIntoView().should('be.visible');",
              "err": {},
              "uuid": "d251663f-e74a-44f2-b370-e07ea4a77789",
              "parentUUID": "79e40ce2-6dfe-4ba5-a975-dd38de08b6bc",
              "isHook": false,
              "skipped": false
            },
            {
              "title": "Verify that users are able to see an \"Add to Cart\" button for each item [4]",
              "fullTitle": "Product Gallery Verify that users are able to see an \"Add to Cart\" button for each item [4]",
              "timedOut": null,
              "duration": 5057,
              "state": "passed",
              "speed": "medium",
              "pass": true,
              "fail": false,
              "pending": false,
              "context": null,
              "code": "cy.get(_product.default.getProductId(i)).find(_product.default.addToCartBtns).scrollIntoView().should('be.visible');",
              "err": {},
              "uuid": "3afe4ed8-a80c-41e1-91f9-9bb02c8868b0",
              "parentUUID": "79e40ce2-6dfe-4ba5-a975-dd38de08b6bc",
              "isHook": false,
              "skipped": false
            },
            {
              "title": "Verify that users are able to see an \"Add to Cart\" button for each item [5]",
              "fullTitle": "Product Gallery Verify that users are able to see an \"Add to Cart\" button for each item [5]",
              "timedOut": null,
              "duration": 4813,
              "state": "passed",
              "speed": "fast",
              "pass": true,
              "fail": false,
              "pending": false,
              "context": null,
              "code": "cy.get(_product.default.getProductId(i)).find(_product.default.addToCartBtns).scrollIntoView().should('be.visible');",
              "err": {},
              "uuid": "82677802-f7bf-4c03-a3e8-417f9414c30a",
              "parentUUID": "79e40ce2-6dfe-4ba5-a975-dd38de08b6bc",
              "isHook": false,
              "skipped": false
            },
            {
              "title": "Verify that users are able to see an \"Add to Cart\" button for each item [6]",
              "fullTitle": "Product Gallery Verify that users are able to see an \"Add to Cart\" button for each item [6]",
              "timedOut": null,
              "duration": 4945,
              "state": "passed",
              "speed": "fast",
              "pass": true,
              "fail": false,
              "pending": false,
              "context": null,
              "code": "cy.get(_product.default.getProductId(i)).find(_product.default.addToCartBtns).scrollIntoView().should('be.visible');",
              "err": {},
              "uuid": "866f5963-050e-4bcc-96b3-8df8fa195ea7",
              "parentUUID": "79e40ce2-6dfe-4ba5-a975-dd38de08b6bc",
              "isHook": false,
              "skipped": false
            },
            {
              "title": "Verify that users are able to see an \"Add to Cart\" button for each item [7]",
              "fullTitle": "Product Gallery Verify that users are able to see an \"Add to Cart\" button for each item [7]",
              "timedOut": null,
              "duration": 5488,
              "state": "passed",
              "speed": "medium",
              "pass": true,
              "fail": false,
              "pending": false,
              "context": null,
              "code": "cy.get(_product.default.getProductId(i)).find(_product.default.addToCartBtns).scrollIntoView().should('be.visible');",
              "err": {},
              "uuid": "43dd9704-103d-4f57-89b6-69a05740cef5",
              "parentUUID": "79e40ce2-6dfe-4ba5-a975-dd38de08b6bc",
              "isHook": false,
              "skipped": false
            },
            {
              "title": "Verify that users are able to see an \"Add to Cart\" button for each item [8]",
              "fullTitle": "Product Gallery Verify that users are able to see an \"Add to Cart\" button for each item [8]",
              "timedOut": null,
              "duration": 4978,
              "state": "passed",
              "speed": "fast",
              "pass": true,
              "fail": false,
              "pending": false,
              "context": null,
              "code": "cy.get(_product.default.getProductId(i)).find(_product.default.addToCartBtns).scrollIntoView().should('be.visible');",
              "err": {},
              "uuid": "9ac8c0be-5df8-42b4-8503-65bfd0227d39",
              "parentUUID": "79e40ce2-6dfe-4ba5-a975-dd38de08b6bc",
              "isHook": false,
              "skipped": false
            },
            {
              "title": "Verify that users are able to see an \"Add to Cart\" button for each item [9]",
              "fullTitle": "Product Gallery Verify that users are able to see an \"Add to Cart\" button for each item [9]",
              "timedOut": null,
              "duration": 4981,
              "state": "passed",
              "speed": "fast",
              "pass": true,
              "fail": false,
              "pending": false,
              "context": null,
              "code": "cy.get(_product.default.getProductId(i)).find(_product.default.addToCartBtns).scrollIntoView().should('be.visible');",
              "err": {},
              "uuid": "9258a0b2-d461-406a-ac78-d707fb055497",
              "parentUUID": "79e40ce2-6dfe-4ba5-a975-dd38de08b6bc",
              "isHook": false,
              "skipped": false
            },
            {
              "title": "Verify that users are able to see an \"Add to Cart\" button for each item [10]",
              "fullTitle": "Product Gallery Verify that users are able to see an \"Add to Cart\" button for each item [10]",
              "timedOut": null,
              "duration": 4910,
              "state": "passed",
              "speed": "fast",
              "pass": true,
              "fail": false,
              "pending": false,
              "context": null,
              "code": "cy.get(_product.default.getProductId(i)).find(_product.default.addToCartBtns).scrollIntoView().should('be.visible');",
              "err": {},
              "uuid": "75dbaec4-a09a-4846-8bdc-414ec7bcdbbf",
              "parentUUID": "79e40ce2-6dfe-4ba5-a975-dd38de08b6bc",
              "isHook": false,
              "skipped": false
            },
            {
              "title": "Verify that users are able to see an \"Add to Cart\" button for each item [11]",
              "fullTitle": "Product Gallery Verify that users are able to see an \"Add to Cart\" button for each item [11]",
              "timedOut": null,
              "duration": 5783,
              "state": "passed",
              "speed": "medium",
              "pass": true,
              "fail": false,
              "pending": false,
              "context": null,
              "code": "cy.get(_product.default.getProductId(i)).find(_product.default.addToCartBtns).scrollIntoView().should('be.visible');",
              "err": {},
              "uuid": "11aee437-e963-41c7-84e7-0f2af9be7311",
              "parentUUID": "79e40ce2-6dfe-4ba5-a975-dd38de08b6bc",
              "isHook": false,
              "skipped": false
            },
            {
              "title": "Verify that users are able to see an \"Add to Cart\" button for each item [12]",
              "fullTitle": "Product Gallery Verify that users are able to see an \"Add to Cart\" button for each item [12]",
              "timedOut": null,
              "duration": 4821,
              "state": "passed",
              "speed": "fast",
              "pass": true,
              "fail": false,
              "pending": false,
              "context": null,
              "code": "cy.get(_product.default.getProductId(i)).find(_product.default.addToCartBtns).scrollIntoView().should('be.visible');",
              "err": {},
              "uuid": "cf2a691d-e0d1-4183-9185-1ba05e5c6a7a",
              "parentUUID": "79e40ce2-6dfe-4ba5-a975-dd38de08b6bc",
              "isHook": false,
              "skipped": false
            },
            {
              "title": "Verify that users are able to see an \"Add to Cart\" button for each item [13]",
              "fullTitle": "Product Gallery Verify that users are able to see an \"Add to Cart\" button for each item [13]",
              "timedOut": null,
              "duration": 5007,
              "state": "passed",
              "speed": "medium",
              "pass": true,
              "fail": false,
              "pending": false,
              "context": null,
              "code": "cy.get(_product.default.getProductId(i)).find(_product.default.addToCartBtns).scrollIntoView().should('be.visible');",
              "err": {},
              "uuid": "17f9d6f1-9dfa-49a5-8a10-7fbe09b72ed6",
              "parentUUID": "79e40ce2-6dfe-4ba5-a975-dd38de08b6bc",
              "isHook": false,
              "skipped": false
            },
            {
              "title": "Verify that users are able to see an \"Add to Cart\" button for each item [14]",
              "fullTitle": "Product Gallery Verify that users are able to see an \"Add to Cart\" button for each item [14]",
              "timedOut": null,
              "duration": 5995,
              "state": "passed",
              "speed": "medium",
              "pass": true,
              "fail": false,
              "pending": false,
              "context": null,
              "code": "cy.get(_product.default.getProductId(i)).find(_product.default.addToCartBtns).scrollIntoView().should('be.visible');",
              "err": {},
              "uuid": "91eb5b4c-3dc7-4361-a7eb-cc433e291773",
              "parentUUID": "79e40ce2-6dfe-4ba5-a975-dd38de08b6bc",
              "isHook": false,
              "skipped": false
            },
            {
              "title": "Verify that users are able to see an \"Add to Cart\" button for each item [15]",
              "fullTitle": "Product Gallery Verify that users are able to see an \"Add to Cart\" button for each item [15]",
              "timedOut": null,
              "duration": 5703,
              "state": "passed",
              "speed": "medium",
              "pass": true,
              "fail": false,
              "pending": false,
              "context": null,
              "code": "cy.get(_product.default.getProductId(i)).find(_product.default.addToCartBtns).scrollIntoView().should('be.visible');",
              "err": {},
              "uuid": "bcd6cf93-37a7-4427-8af8-741560b3c39f",
              "parentUUID": "79e40ce2-6dfe-4ba5-a975-dd38de08b6bc",
              "isHook": false,
              "skipped": false
            },
            {
              "title": "Verify that users are able to see an \"Add to Cart\" button for each item [16]",
              "fullTitle": "Product Gallery Verify that users are able to see an \"Add to Cart\" button for each item [16]",
              "timedOut": null,
              "duration": 5076,
              "state": "passed",
              "speed": "medium",
              "pass": true,
              "fail": false,
              "pending": false,
              "context": null,
              "code": "cy.get(_product.default.getProductId(i)).find(_product.default.addToCartBtns).scrollIntoView().should('be.visible');",
              "err": {},
              "uuid": "e3ab8491-c403-4282-841a-5cdd5510a939",
              "parentUUID": "79e40ce2-6dfe-4ba5-a975-dd38de08b6bc",
              "isHook": false,
              "skipped": false
            },
            {
              "title": "Verify that users are able to see an \"Add to Cart\" button for each item [17]",
              "fullTitle": "Product Gallery Verify that users are able to see an \"Add to Cart\" button for each item [17]",
              "timedOut": null,
              "duration": 5230,
              "state": "passed",
              "speed": "medium",
              "pass": true,
              "fail": false,
              "pending": false,
              "context": null,
              "code": "cy.get(_product.default.getProductId(i)).find(_product.default.addToCartBtns).scrollIntoView().should('be.visible');",
              "err": {},
              "uuid": "cfb657dc-535d-49c6-96a5-4564f36ee67c",
              "parentUUID": "79e40ce2-6dfe-4ba5-a975-dd38de08b6bc",
              "isHook": false,
              "skipped": false
            },
            {
              "title": "Verify that users are able to see an \"Add to Cart\" button for each item [18]",
              "fullTitle": "Product Gallery Verify that users are able to see an \"Add to Cart\" button for each item [18]",
              "timedOut": null,
              "duration": 5021,
              "state": "passed",
              "speed": "medium",
              "pass": true,
              "fail": false,
              "pending": false,
              "context": null,
              "code": "cy.get(_product.default.getProductId(i)).find(_product.default.addToCartBtns).scrollIntoView().should('be.visible');",
              "err": {},
              "uuid": "9655a704-a3e3-4224-a74d-9fab185598b5",
              "parentUUID": "79e40ce2-6dfe-4ba5-a975-dd38de08b6bc",
              "isHook": false,
              "skipped": false
            },
            {
              "title": "Verify that users are able to see an \"Add to Cart\" button for each item [19]",
              "fullTitle": "Product Gallery Verify that users are able to see an \"Add to Cart\" button for each item [19]",
              "timedOut": null,
              "duration": 4845,
              "state": "passed",
              "speed": "fast",
              "pass": true,
              "fail": false,
              "pending": false,
              "context": null,
              "code": "cy.get(_product.default.getProductId(i)).find(_product.default.addToCartBtns).scrollIntoView().should('be.visible');",
              "err": {},
              "uuid": "eb189261-2a7d-410f-af05-a79ff7c08d50",
              "parentUUID": "79e40ce2-6dfe-4ba5-a975-dd38de08b6bc",
              "isHook": false,
              "skipped": false
            },
            {
              "title": "Verify that users are able to see an \"Add to Cart\" button for each item [20]",
              "fullTitle": "Product Gallery Verify that users are able to see an \"Add to Cart\" button for each item [20]",
              "timedOut": null,
              "duration": 5520,
              "state": "passed",
              "speed": "medium",
              "pass": true,
              "fail": false,
              "pending": false,
              "context": null,
              "code": "cy.get(_product.default.getProductId(i)).find(_product.default.addToCartBtns).scrollIntoView().should('be.visible');",
              "err": {},
              "uuid": "e0453a41-f23b-4299-ab15-5a145fd68122",
              "parentUUID": "79e40ce2-6dfe-4ba5-a975-dd38de08b6bc",
              "isHook": false,
              "skipped": false
            },
            {
              "title": "Verify that users are able to see an \"Add to Cart\" button for each item [21]",
              "fullTitle": "Product Gallery Verify that users are able to see an \"Add to Cart\" button for each item [21]",
              "timedOut": null,
              "duration": 4981,
              "state": "passed",
              "speed": "fast",
              "pass": true,
              "fail": false,
              "pending": false,
              "context": null,
              "code": "cy.get(_product.default.getProductId(i)).find(_product.default.addToCartBtns).scrollIntoView().should('be.visible');",
              "err": {},
              "uuid": "285f9d9d-88b7-4fc9-8c89-924b647c32a9",
              "parentUUID": "79e40ce2-6dfe-4ba5-a975-dd38de08b6bc",
              "isHook": false,
              "skipped": false
            },
            {
              "title": "Verify that product items have a category tag",
              "fullTitle": "Product Gallery Verify that product items have a category tag",
              "timedOut": null,
              "duration": 5004,
              "state": "passed",
              "speed": "medium",
              "pass": true,
              "fail": false,
              "pending": false,
              "context": null,
              "code": "cy.get(_product.default.getProductId(0)).find(_product.default.productCategoryTags).scrollIntoView().should('be.visible').and('have.text', _products.default.products[0].tag);",
              "err": {},
              "uuid": "e4af8df8-2d40-46bb-85df-2abf38bea770",
              "parentUUID": "79e40ce2-6dfe-4ba5-a975-dd38de08b6bc",
              "isHook": false,
              "skipped": false
            },
            {
              "title": "Verify that each item has an image",
              "fullTitle": "Product Gallery Verify that each item has an image",
              "timedOut": null,
              "duration": 5319,
              "state": "passed",
              "speed": "medium",
              "pass": true,
              "fail": false,
              "pending": false,
              "context": null,
              "code": "cy.get(_product.default.getProductId(0)).find(_product.default.productImgs).scrollIntoView().should('be.visible').and('have.attr', 'src');",
              "err": {},
              "uuid": "2789eda2-d674-4e0c-bfd0-9a3450ad7527",
              "parentUUID": "79e40ce2-6dfe-4ba5-a975-dd38de08b6bc",
              "isHook": false,
              "skipped": false
            },
            {
              "title": "Verify that each item has a price",
              "fullTitle": "Product Gallery Verify that each item has a price",
              "timedOut": null,
              "duration": 4999,
              "state": "passed",
              "speed": "fast",
              "pass": true,
              "fail": false,
              "pending": false,
              "context": null,
              "code": "cy.get(_product.default.getProductId(0)).find(_product.default.productPriceTags).scrollIntoView().should('be.visible').contains(_products.default.products[0].price);",
              "err": {},
              "uuid": "f7f1d002-5f8d-4619-8c4c-e9781607e9e1",
              "parentUUID": "79e40ce2-6dfe-4ba5-a975-dd38de08b6bc",
              "isHook": false,
              "skipped": false
            }
          ],
          "suites": [],
          "passes": [
            "f1ee63c4-6bb1-48d2-9101-101c6cacd54a",
            "c4688d2b-88e3-4bfd-91f5-8dcc8c4857c2",
            "3715ae08-d824-4f07-98ca-b80fbc3d3542",
            "d251663f-e74a-44f2-b370-e07ea4a77789",
            "3afe4ed8-a80c-41e1-91f9-9bb02c8868b0",
            "82677802-f7bf-4c03-a3e8-417f9414c30a",
            "866f5963-050e-4bcc-96b3-8df8fa195ea7",
            "43dd9704-103d-4f57-89b6-69a05740cef5",
            "9ac8c0be-5df8-42b4-8503-65bfd0227d39",
            "9258a0b2-d461-406a-ac78-d707fb055497",
            "75dbaec4-a09a-4846-8bdc-414ec7bcdbbf",
            "11aee437-e963-41c7-84e7-0f2af9be7311",
            "cf2a691d-e0d1-4183-9185-1ba05e5c6a7a",
            "17f9d6f1-9dfa-49a5-8a10-7fbe09b72ed6",
            "91eb5b4c-3dc7-4361-a7eb-cc433e291773",
            "bcd6cf93-37a7-4427-8af8-741560b3c39f",
            "e3ab8491-c403-4282-841a-5cdd5510a939",
            "cfb657dc-535d-49c6-96a5-4564f36ee67c",
            "9655a704-a3e3-4224-a74d-9fab185598b5",
            "eb189261-2a7d-410f-af05-a79ff7c08d50",
            "e0453a41-f23b-4299-ab15-5a145fd68122",
            "285f9d9d-88b7-4fc9-8c89-924b647c32a9",
            "e4af8df8-2d40-46bb-85df-2abf38bea770",
            "2789eda2-d674-4e0c-bfd0-9a3450ad7527",
            "f7f1d002-5f8d-4619-8c4c-e9781607e9e1"
          ],
          "failures": [],
          "pending": [],
          "skipped": [],
          "duration": 129724,
          "root": false,
          "rootEmpty": false,
          "_timeout": 2000
        },
        {
          "uuid": "13d7a6bf-2a2c-4315-96e0-06890e24c18a",
          "title": "Product Details",
          "fullFile": "",
          "file": "",
          "beforeHooks": [],
          "afterHooks": [],
          "tests": [
            {
              "title": "Verify that the item name is displayed on the product detail page",
              "fullTitle": "Product Details Verify that the item name is displayed on the product detail page",
              "timedOut": null,
              "duration": 5966,
              "state": "passed",
              "speed": "medium",
              "pass": true,
              "fail": false,
              "pending": false,
              "context": null,
              "code": "cy.get(_product.default.getProductId(0)).find(_product.default.productImgs).scrollIntoView().should('be.visible').click();\ncy.get(_product.default.productDetailsName).should('be.visible').should('contain', _products.default.products[0].name.trim());",
              "err": {},
              "uuid": "f7c0a60b-1364-455a-ac2a-9d206a66f8f3",
              "parentUUID": "13d7a6bf-2a2c-4315-96e0-06890e24c18a",
              "isHook": false,
              "skipped": false
            },
            {
              "title": "Verify that the item description is displayed on the product detail page",
              "fullTitle": "Product Details Verify that the item description is displayed on the product detail page",
              "timedOut": null,
              "duration": 5648,
              "state": "passed",
              "speed": "medium",
              "pass": true,
              "fail": false,
              "pending": false,
              "context": null,
              "code": "cy.get(_product.default.getProductId(0)).find(_product.default.productImgs).scrollIntoView().should('be.visible').click();\ncy.get(_product.default.productDetailsInfo).eq(1).should('be.visible').should('contain', _products.default.products[0].description.trim());",
              "err": {},
              "uuid": "20c2880f-f3e4-4322-98d3-d489d2b01db5",
              "parentUUID": "13d7a6bf-2a2c-4315-96e0-06890e24c18a",
              "isHook": false,
              "skipped": false
            },
            {
              "title": "Verify that the item price is displayed on the product detail page",
              "fullTitle": "Product Details Verify that the item price is displayed on the product detail page",
              "timedOut": null,
              "duration": 6459,
              "state": "passed",
              "speed": "medium",
              "pass": true,
              "fail": false,
              "pending": false,
              "context": null,
              "code": "cy.get(_product.default.getProductId(0)).find(_product.default.productImgs).scrollIntoView().should('be.visible').click();\ncy.get(_product.default.productDetailsInfo).eq(3).should('be.visible').should('contain', _products.default.products[0].price);",
              "err": {},
              "uuid": "3f4ffc78-1e83-46cd-8869-c82b973feddd",
              "parentUUID": "13d7a6bf-2a2c-4315-96e0-06890e24c18a",
              "isHook": false,
              "skipped": false
            },
            {
              "title": "Verify that the \"Add to Cart\" button is displayed on the product detail page",
              "fullTitle": "Product Details Verify that the \"Add to Cart\" button is displayed on the product detail page",
              "timedOut": null,
              "duration": 5520,
              "state": "passed",
              "speed": "medium",
              "pass": true,
              "fail": false,
              "pending": false,
              "context": null,
              "code": "cy.get(_product.default.getProductId(0)).find(_product.default.productImgs).scrollIntoView().should('be.visible').click();\ncy.get(_product.default.addToCartBtns).should('be.visible');",
              "err": {},
              "uuid": "7d9ab0e8-b776-48c5-808a-d8fcde8c4f55",
              "parentUUID": "13d7a6bf-2a2c-4315-96e0-06890e24c18a",
              "isHook": false,
              "skipped": false
            },
            {
              "title": "Verify that when the user clicks the \"Add to Cart\" button on the product detail page then the item is added to the cart",
              "fullTitle": "Product Details Verify that when the user clicks the \"Add to Cart\" button on the product detail page then the item is added to the cart",
              "timedOut": null,
              "duration": 6680,
              "state": "passed",
              "speed": "medium",
              "pass": true,
              "fail": false,
              "pending": false,
              "context": null,
              "code": "_product.default.addItemToCart(0);\ncy.get(_cart.default.itemInCartName).should('be.visible').and('have.text', _products.default.products[0].name);",
              "err": {},
              "uuid": "976bbc15-b2e9-4214-9f3f-f3ea6b057621",
              "parentUUID": "13d7a6bf-2a2c-4315-96e0-06890e24c18a",
              "isHook": false,
              "skipped": false
            }
          ],
          "suites": [],
          "passes": [
            "f7c0a60b-1364-455a-ac2a-9d206a66f8f3",
            "20c2880f-f3e4-4322-98d3-d489d2b01db5",
            "3f4ffc78-1e83-46cd-8869-c82b973feddd",
            "7d9ab0e8-b776-48c5-808a-d8fcde8c4f55",
            "976bbc15-b2e9-4214-9f3f-f3ea6b057621"
          ],
          "failures": [],
          "pending": [],
          "skipped": [],
          "duration": 30273,
          "root": false,
          "rootEmpty": false,
          "_timeout": 2000
        }
      ],
      "passes": [],
      "failures": [],
      "pending": [],
      "skipped": [],
      "duration": 0,
      "root": true,
      "rootEmpty": true,
      "_timeout": 2000
    },
    {
      "uuid": "f2ae98ec-71cd-4b2f-857c-391710c447f2",
      "title": "",
      "fullFile": "cypress\\e2e\\test\\search.cy.js",
      "file": "cypress\\e2e\\test\\search.cy.js",
      "beforeHooks": [],
      "afterHooks": [],
      "tests": [],
      "suites": [
        {
          "uuid": "9bf61177-1ef7-4124-b17a-1d2996e27908",
          "title": "Filter and Sort",
          "fullFile": "",
          "file": "",
          "beforeHooks": [],
          "afterHooks": [],
          "tests": [
            {
              "title": "Verify that a user is able to search for an item using it's full name",
              "fullTitle": "Filter and Sort Verify that a user is able to search for an item using it's full name",
              "timedOut": null,
              "duration": 8888,
              "state": "passed",
              "speed": "medium",
              "pass": true,
              "fail": false,
              "pending": false,
              "context": null,
              "code": "_product.default.doSearch(_products.default.products[0].name.trim());\ncy.get(_product.default.productName).should('contain', _products.default.products[0].name.trim());",
              "err": {},
              "uuid": "9aca049a-e916-4dc5-b6dc-4097ffb9c783",
              "parentUUID": "9bf61177-1ef7-4124-b17a-1d2996e27908",
              "isHook": false,
              "skipped": false
            },
            {
              "title": "Verify that a user is able to search for an item using it's its partial name",
              "fullTitle": "Filter and Sort Verify that a user is able to search for an item using it's its partial name",
              "timedOut": null,
              "duration": 7358,
              "state": "passed",
              "speed": "medium",
              "pass": true,
              "fail": false,
              "pending": false,
              "context": null,
              "code": "_product.default.doSearch(_products.default.products[0].name.trim().slice(2));\ncy.get(_product.default.productName).should('contain', _products.default.products[0].name.trim());",
              "err": {},
              "uuid": "a2968a0b-17a5-4fda-ad54-c87ae6267b68",
              "parentUUID": "9bf61177-1ef7-4124-b17a-1d2996e27908",
              "isHook": false,
              "skipped": false
            },
            {
              "title": "Verify that a user is able to reset the search filter",
              "fullTitle": "Filter and Sort Verify that a user is able to reset the search filter",
              "timedOut": null,
              "duration": 6638,
              "state": "passed",
              "speed": "medium",
              "pass": true,
              "fail": false,
              "pending": false,
              "context": null,
              "code": "_product.default.doSearch(_products.default.products[0].name.trim().slice(2));\ncy.get(_product.default.productResetFilter).click();\ncy.get(_product.default.productName).each(($elem, index) => {\n  expect($elem.text()).equal(_products.default.products[index].name.trim());\n});",
              "err": {},
              "uuid": "c2f08ad6-5db1-4750-9327-7ba6a6e8a090",
              "parentUUID": "9bf61177-1ef7-4124-b17a-1d2996e27908",
              "isHook": false,
              "skipped": false
            },
            {
              "title": "Verify that a user sees not items on the product page if a invalid item is searched ",
              "fullTitle": "Filter and Sort Verify that a user sees not items on the product page if a invalid item is searched ",
              "timedOut": null,
              "duration": 5546,
              "state": "passed",
              "speed": "medium",
              "pass": true,
              "fail": false,
              "pending": false,
              "context": null,
              "code": "_product.default.doSearch('tttt');\ncy.get(_product.default.productTile).should('not.exist');",
              "err": {},
              "uuid": "1fba02d0-1d41-4dd1-b66c-8bef227dc4a0",
              "parentUUID": "9bf61177-1ef7-4124-b17a-1d2996e27908",
              "isHook": false,
              "skipped": false
            }
          ],
          "suites": [],
          "passes": [
            "9aca049a-e916-4dc5-b6dc-4097ffb9c783",
            "a2968a0b-17a5-4fda-ad54-c87ae6267b68",
            "c2f08ad6-5db1-4750-9327-7ba6a6e8a090",
            "1fba02d0-1d41-4dd1-b66c-8bef227dc4a0"
          ],
          "failures": [],
          "pending": [],
          "skipped": [],
          "duration": 28430,
          "root": false,
          "rootEmpty": false,
          "_timeout": 2000
        }
      ],
      "passes": [],
      "failures": [],
      "pending": [],
      "skipped": [],
      "duration": 0,
      "root": true,
      "rootEmpty": true,
      "_timeout": 2000
    },
    {
      "uuid": "ae23100d-ec60-4f9c-a784-e492a7b3b2b4",
      "title": "",
      "fullFile": "cypress\\e2e\\test\\add-to-cart.cy.js",
      "file": "cypress\\e2e\\test\\add-to-cart.cy.js",
      "beforeHooks": [],
      "afterHooks": [],
      "tests": [],
      "suites": [
        {
          "uuid": "bd9a3f1f-a471-4f24-8d8e-e9d629590315",
          "title": "Add-to-cart",
          "fullFile": "",
          "file": "",
          "beforeHooks": [],
          "afterHooks": [],
          "tests": [
            {
              "title": "Verify that a user can add a single item to the cart",
              "fullTitle": "Add-to-cart Verify that a user can add a single item to the cart",
              "timedOut": null,
              "duration": 7427,
              "state": "passed",
              "speed": "medium",
              "pass": true,
              "fail": false,
              "pending": false,
              "context": null,
              "code": "cy.get(_product.default.getProductId(0)).find(_product.default.productImgs).should('be.visible').click();\ncy.get(_product.default.backToProductsBtn).should('be.visible');\ncy.get(_product.default.addToCartBtns).click();\ncy.get(_cart.default.cartCheckoutBtn).should('be.visible');\ncy.get(_cart.default.itemInCartName).eq(0).should('have.text', _products.default.products[0].name);",
              "err": {},
              "uuid": "a50f842a-e1ac-4e2b-b939-ab7f9082f2c4",
              "parentUUID": "bd9a3f1f-a471-4f24-8d8e-e9d629590315",
              "isHook": false,
              "skipped": false
            },
            {
              "title": "Verify that a user can add multiple items to cart",
              "fullTitle": "Add-to-cart Verify that a user can add multiple items to cart",
              "timedOut": null,
              "duration": 7210,
              "state": "passed",
              "speed": "medium",
              "pass": true,
              "fail": false,
              "pending": false,
              "context": null,
              "code": "cy.get(_product.default.getProductId(0)).find(_product.default.productImgs).should('be.visible').click();\ncy.get(_product.default.backToProductsBtn).should('be.visible');\ncy.get(_product.default.addToCartBtns).click();\ncy.get(_cart.default.cartCheckoutBtn).should('be.visible');\ncy.get(_cart.default.cartBackBtn).click();\ncy.get(_product.default.backToProductsBtn).click();\ncy.get(_product.default.getProductId(1)).find(_product.default.productImgs).should('be.visible').click();\ncy.get(_product.default.backToProductsBtn).should('be.visible');\ncy.get(_product.default.addToCartBtns).click();\ncy.get(_cart.default.itemInCartName).eq(0).should('have.text', _products.default.products[1].name);\ncy.get(_cart.default.itemInCartName).eq(1).should('have.text', _products.default.products[0].name);",
              "err": {},
              "uuid": "c022838d-34fb-4cbe-91f7-30f4344c58ef",
              "parentUUID": "bd9a3f1f-a471-4f24-8d8e-e9d629590315",
              "isHook": false,
              "skipped": false
            },
            {
              "title": "Verify that a user is able to change the amount of an item they can add to cart",
              "fullTitle": "Add-to-cart Verify that a user is able to change the amount of an item they can add to cart",
              "timedOut": null,
              "duration": 10369,
              "state": "passed",
              "speed": "slow",
              "pass": true,
              "fail": false,
              "pending": false,
              "context": null,
              "code": "cy.get(_product.default.getProductId(0)).find(_product.default.productImgs).should('be.visible').click();\ncy.get(_product.default.backToProductsBtn).should('be.visible');\ncy.get(_product.default.increaseProductAmountBtn).click();\ncy.get(_product.default.increaseProductAmountBtn).click();\ncy.get(_product.default.addToCartBtns).click();\ncy.get(_cart.default.quantityInCart).should('have.text', '3');",
              "err": {},
              "uuid": "23a7529d-b1c3-4a17-a38f-350d44f1011c",
              "parentUUID": "bd9a3f1f-a471-4f24-8d8e-e9d629590315",
              "isHook": false,
              "skipped": false
            },
            {
              "title": "Verify that the total in the cart updates with each item added",
              "fullTitle": "Add-to-cart Verify that the total in the cart updates with each item added",
              "timedOut": null,
              "duration": 11529,
              "state": "passed",
              "speed": "slow",
              "pass": true,
              "fail": false,
              "pending": false,
              "context": null,
              "code": "cy.get(_product.default.getProductId(0)).find(_product.default.productImgs).should('be.visible').click();\ncy.get(_product.default.backToProductsBtn).should('be.visible');\ncy.get(_product.default.addToCartBtns).click();\ncy.get(_cart.default.cartCheckoutBtn).should('be.visible');\ncy.get(_cart.default.cartBackBtn).click();\ncy.get(_product.default.addToCartBtns).click();\ncy.get(_cart.default.cartTotal).should('be.visible').contains(`${_products.default.products[0].price + _products.default.products[0].price}`);",
              "err": {},
              "uuid": "e271e8d9-05f1-416b-a5ce-19ece3355dbf",
              "parentUUID": "bd9a3f1f-a471-4f24-8d8e-e9d629590315",
              "isHook": false,
              "skipped": false
            }
          ],
          "suites": [],
          "passes": [
            "a50f842a-e1ac-4e2b-b939-ab7f9082f2c4",
            "c022838d-34fb-4cbe-91f7-30f4344c58ef",
            "23a7529d-b1c3-4a17-a38f-350d44f1011c",
            "e271e8d9-05f1-416b-a5ce-19ece3355dbf"
          ],
          "failures": [],
          "pending": [],
          "skipped": [],
          "duration": 36535,
          "root": false,
          "rootEmpty": false,
          "_timeout": 2000
        }
      ],
      "passes": [],
      "failures": [],
      "pending": [],
      "skipped": [],
      "duration": 0,
      "root": true,
      "rootEmpty": true,
      "_timeout": 2000
    },
    {
      "uuid": "920f8986-d2d8-4114-ab9d-78fe8217964e",
      "title": "",
      "fullFile": "cypress\\e2e\\test\\authentication.cy.js",
      "file": "cypress\\e2e\\test\\authentication.cy.js",
      "beforeHooks": [],
      "afterHooks": [],
      "tests": [],
      "suites": [
        {
          "uuid": "3f02638f-a9a0-46dd-b00a-86fcc8c9582a",
          "title": "Authentication",
          "fullFile": "",
          "file": "",
          "beforeHooks": [],
          "afterHooks": [],
          "tests": [
            {
              "title": "Verify that when the user clicks the sign in or register button they are redirected to a page to sign in ",
              "fullTitle": "Authentication Verify that when the user clicks the sign in or register button they are redirected to a page to sign in ",
              "timedOut": null,
              "duration": 5542,
              "state": "passed",
              "speed": "medium",
              "pass": true,
              "fail": false,
              "pending": false,
              "context": null,
              "code": "cy.get(_auth.default.signInOrRegisterBtn).click(); //Login on to site.\ncy.url().should('contain', 'https://dev-mlluudmotpwoldtv.us.auth0.com');",
              "err": {},
              "uuid": "089134f7-d567-4d5e-8ed3-36bad37f7d1c",
              "parentUUID": "3f02638f-a9a0-46dd-b00a-86fcc8c9582a",
              "isHook": false,
              "skipped": false
            },
            {
              "title": "Verify user logging in with valid user",
              "fullTitle": "Authentication Verify user logging in with valid user",
              "timedOut": null,
              "duration": 7987,
              "state": "passed",
              "speed": "medium",
              "pass": true,
              "fail": false,
              "pending": false,
              "context": null,
              "code": "cy.get(_auth.default.signInOrRegisterBtn).click(); //Login on to site.\ncy.origin(\"https://dev-mlluudmotpwoldtv.us.auth0.com\", {\n  args: user\n}, user => {\n  cy.get('#1-email').type(user.email);\n  cy.get('#1-password').type(user.password);\n  cy.get('#1-submit').click();\n});\ncy.url().should('contain', user.url);",
              "err": {},
              "uuid": "c0fd1ee2-0661-4d1e-bb41-80791b350396",
              "parentUUID": "3f02638f-a9a0-46dd-b00a-86fcc8c9582a",
              "isHook": false,
              "skipped": false
            },
            {
              "title": "Verify user logging in with invalid email user",
              "fullTitle": "Authentication Verify user logging in with invalid email user",
              "timedOut": null,
              "duration": 5800,
              "state": "passed",
              "speed": "medium",
              "pass": true,
              "fail": false,
              "pending": false,
              "context": null,
              "code": "cy.get(_auth.default.signInOrRegisterBtn).click(); //Login on to site.\ncy.origin(\"https://dev-mlluudmotpwoldtv.us.auth0.com\", {\n  args: user\n}, user => {\n  cy.get('#1-email').type(user.email);\n  cy.get('#1-password').type(user.password);\n  cy.get('#1-submit').click();\n});\ncy.get(_auth.default.loginErrorMessage).should('contain', user.errorMsgAlert);",
              "err": {},
              "uuid": "cf9835ee-7234-4aee-9b45-5baa24e35e3a",
              "parentUUID": "3f02638f-a9a0-46dd-b00a-86fcc8c9582a",
              "isHook": false,
              "skipped": false
            },
            {
              "title": "Verify that signing up with already registered user",
              "fullTitle": "Authentication Verify that signing up with already registered user",
              "timedOut": null,
              "duration": 5514,
              "state": "passed",
              "speed": "medium",
              "pass": true,
              "fail": false,
              "pending": false,
              "context": null,
              "code": "cy.get(_auth.default.signInOrRegisterBtn).click(); //Login on to site.\ncy.origin(\"https://dev-mlluudmotpwoldtv.us.auth0.com\", {\n  args: user\n}, user => {\n  cy.get('.auth0-lock-tabs > li').eq(1).click();\n  cy.get('#1-email').type(user.email);\n  cy.get('#1-password').type(user.password);\n  cy.get('#1-submit').click();\n});\ncy.get(_auth.default.loginErrorMessage).should('contain', user.errorMsgAlert);",
              "err": {},
              "uuid": "0d24874a-5f2a-4432-80f8-a96fda6ae3b0",
              "parentUUID": "3f02638f-a9a0-46dd-b00a-86fcc8c9582a",
              "isHook": false,
              "skipped": false
            },
            {
              "title": "Verify that signing up with valid user",
              "fullTitle": "Authentication Verify that signing up with valid user",
              "timedOut": null,
              "duration": 8364,
              "state": "passed",
              "speed": "medium",
              "pass": true,
              "fail": false,
              "pending": false,
              "context": null,
              "code": "let email = _faker.faker.internet.email(undefined, undefined, 'faker.com');\ncy.get(_auth.default.signInOrRegisterBtn).click(); //Login on to site.\ncy.origin(\"https://dev-mlluudmotpwoldtv.us.auth0.com\", {\n  args: {\n    user,\n    email\n  }\n}, ({\n  user,\n  email\n}) => {\n  cy.get('.auth0-lock-tabs > li').eq(1).click();\n  if (user.email !== '') {\n    cy.get('#1-email').type(user.email);\n  } else {\n    cy.get('#1-email').type(email);\n  }\n  cy.get('#1-password').type(user.password);\n  cy.get('#1-submit').click();\n});\ncy.url().should('contain', user.url);",
              "err": {},
              "uuid": "42b52a2e-52e5-4d13-89dc-5027baf700fe",
              "parentUUID": "3f02638f-a9a0-46dd-b00a-86fcc8c9582a",
              "isHook": false,
              "skipped": false
            }
          ],
          "suites": [],
          "passes": [
            "089134f7-d567-4d5e-8ed3-36bad37f7d1c",
            "c0fd1ee2-0661-4d1e-bb41-80791b350396",
            "cf9835ee-7234-4aee-9b45-5baa24e35e3a",
            "0d24874a-5f2a-4432-80f8-a96fda6ae3b0",
            "42b52a2e-52e5-4d13-89dc-5027baf700fe"
          ],
          "failures": [],
          "pending": [],
          "skipped": [],
          "duration": 33207,
          "root": false,
          "rootEmpty": false,
          "_timeout": 2000
        }
      ],
      "passes": [],
      "failures": [],
      "pending": [],
      "skipped": [],
      "duration": 0,
      "root": true,
      "rootEmpty": true,
      "_timeout": 2000
    },
    {
      "uuid": "be3308de-bf43-437e-8cc1-134d52fb62a5",
      "title": "",
      "fullFile": "cypress\\e2e\\test\\cart.cy.js",
      "file": "cypress\\e2e\\test\\cart.cy.js",
      "beforeHooks": [],
      "afterHooks": [],
      "tests": [],
      "suites": [
        {
          "uuid": "940da8d1-7222-4354-8459-a9b72770dfe5",
          "title": "Cart",
          "fullFile": "",
          "file": "",
          "beforeHooks": [],
          "afterHooks": [],
          "tests": [
            {
              "title": "Verify that a user is able to see the amount of items in the cart",
              "fullTitle": "Cart Verify that a user is able to see the amount of items in the cart",
              "timedOut": null,
              "duration": 18230,
              "state": "passed",
              "speed": "slow",
              "pass": true,
              "fail": false,
              "pending": false,
              "context": null,
              "code": "_product.default.addItemToCart(0);\ncy.get(_cart.default.cartBackBtn).should('be.visible');\ncy.get(_cart.default.cartBackBtn).click();\ncy.get(_product.default.backToProductsBtn).click();\n_product.default.addItemToCart(1);\ncy.get(_cart.default.amountOfItemsIcon).should('have.text', ' 2 ');",
              "err": {},
              "uuid": "4c5eb969-b073-42dd-833c-fbae587dc30b",
              "parentUUID": "940da8d1-7222-4354-8459-a9b72770dfe5",
              "isHook": false,
              "skipped": false
            },
            {
              "title": "Verify that a user can see the all items added in the cart",
              "fullTitle": "Cart Verify that a user can see the all items added in the cart",
              "timedOut": null,
              "duration": 14229,
              "state": "passed",
              "speed": "slow",
              "pass": true,
              "fail": false,
              "pending": false,
              "context": null,
              "code": "_product.default.addItemToCart(0);\ncy.get(_cart.default.cartBackBtn).should('be.visible');\ncy.get(_cart.default.cartBackBtn).click();\ncy.get(_product.default.backToProductsBtn).click();\n_product.default.addItemToCart(1);\ncy.get(_cart.default.itemInCartName).eq(0).should('have.text', _products.default.products[1].name);\ncy.get(_cart.default.itemInCartDescription).eq(0).should('have.text', _products.default.products[1].description);\ncy.get(_cart.default.itemInCartName).eq(1).should('have.text', _products.default.products[0].name);\ncy.get(_cart.default.itemInCartDescription).eq(1).should('have.text', _products.default.products[0].description);",
              "err": {},
              "uuid": "ee0528e1-893e-4b43-987e-286090b340e6",
              "parentUUID": "940da8d1-7222-4354-8459-a9b72770dfe5",
              "isHook": false,
              "skipped": false
            },
            {
              "title": "Verify that a user can see the all items added in the cart",
              "fullTitle": "Cart Verify that a user can see the all items added in the cart",
              "timedOut": null,
              "duration": 12586,
              "state": "passed",
              "speed": "slow",
              "pass": true,
              "fail": false,
              "pending": false,
              "context": null,
              "code": "_product.default.addItemToCart(0);\n_cart.default.deleteFirstItemInCart();\ncy.get(_cart.default.emptyCartTitle).contains(' Your cart is empty. ');",
              "err": {},
              "uuid": "ba41e735-a325-4829-a5d1-3f6cdf103d7e",
              "parentUUID": "940da8d1-7222-4354-8459-a9b72770dfe5",
              "isHook": false,
              "skipped": false
            },
            {
              "title": "Verify that a user can click the checkout CTA in the cart to be redirected to the checkout form",
              "fullTitle": "Cart Verify that a user can click the checkout CTA in the cart to be redirected to the checkout form",
              "timedOut": null,
              "duration": 14642,
              "state": "passed",
              "speed": "slow",
              "pass": true,
              "fail": false,
              "pending": false,
              "context": null,
              "code": "_product.default.addItemToCart(0);\ncy.get(_cart.default.cartCheckoutBtn).click();\ncy.url().should('contain', '/checkout');",
              "err": {},
              "uuid": "f0161890-d038-4914-b526-24570843216e",
              "parentUUID": "940da8d1-7222-4354-8459-a9b72770dfe5",
              "isHook": false,
              "skipped": false
            }
          ],
          "suites": [],
          "passes": [
            "4c5eb969-b073-42dd-833c-fbae587dc30b",
            "ee0528e1-893e-4b43-987e-286090b340e6",
            "ba41e735-a325-4829-a5d1-3f6cdf103d7e",
            "f0161890-d038-4914-b526-24570843216e"
          ],
          "failures": [],
          "pending": [],
          "skipped": [],
          "duration": 59687,
          "root": false,
          "rootEmpty": false,
          "_timeout": 2000
        }
      ],
      "passes": [],
      "failures": [],
      "pending": [],
      "skipped": [],
      "duration": 0,
      "root": true,
      "rootEmpty": true,
      "_timeout": 2000
    },
    {
      "uuid": "3f911863-1465-4b1a-8240-84d8aa7ce6b1",
      "title": "",
      "fullFile": "cypress\\e2e\\test\\checkout.cy.js",
      "file": "cypress\\e2e\\test\\checkout.cy.js",
      "beforeHooks": [],
      "afterHooks": [],
      "tests": [],
      "suites": [
        {
          "uuid": "88378dff-daba-4a3e-ac89-b62e830776d4",
          "title": "Checkout",
          "fullFile": "",
          "file": "",
          "beforeHooks": [],
          "afterHooks": [],
          "tests": [
            {
              "title": "Verify that the user is able to continue to payment",
              "fullTitle": "Checkout Verify that the user is able to continue to payment",
              "timedOut": null,
              "duration": 24289,
              "state": "passed",
              "speed": "slow",
              "pass": true,
              "fail": false,
              "pending": false,
              "context": null,
              "code": "_checkout.default.fillCheckoutInfoForm(i.full_name, i.email, i.streetAddress, i.city, i.country, i.state, i.zipcode);\ncy.get(_checkout.default.checkoutContinueToPaymentBtn).click({\n  force: true\n});\n_checkout.default.fillCheckoutPaymentForm(i.card, i.cardDate, i.cvv);\ncy.get(_checkout.default.checkoutContinueToPaymentBtn).click({\n  force: true\n});\ncy.url().should('contain', 'order');",
              "err": {},
              "uuid": "dcf9c03c-84d9-47f4-a884-3e815770dc9b",
              "parentUUID": "88378dff-daba-4a3e-ac89-b62e830776d4",
              "isHook": false,
              "skipped": false
            },
            {
              "title": "Verify that the email field is required to continue to payment",
              "fullTitle": "Checkout Verify that the email field is required to continue to payment",
              "timedOut": null,
              "duration": 16199,
              "state": "passed",
              "speed": "slow",
              "pass": true,
              "fail": false,
              "pending": false,
              "context": null,
              "code": "_checkout.default.fillCheckoutInfoForm(i.full_name, i.email, i.streetAddress, i.city, i.country, i.state, i.zipcode);\ncy.get(_checkout.default.checkoutContinueToPaymentBtn).click({\n  force: true\n});\ncy.get(_checkout.default.checkoutInfoErrorHint).contains(i.errorHint);",
              "err": {},
              "uuid": "fb196ad8-62df-4d69-bd77-4da784126ae5",
              "parentUUID": "88378dff-daba-4a3e-ac89-b62e830776d4",
[...]
              "err": {},
              "uuid": "ec632ae9-a4c5-4bd3-9800-d5cf0d58d360",
              "parentUUID": "821fe134-6a32-4870-8011-fc07853fed5f",
              "isHook": false,
              "skipped": false
            },
            {
              "title": "Verify that each item has a price",
              "fullTitle": "Product Gallery Verify that each item has a price",
              "timedOut": null,
              "duration": 5781,
              "state": "passed",
              "speed": "medium",
              "pass": true,
              "fail": false,
              "pending": false,
              "context": null,
              "code": "cy.get(_product.default.getProductId(0)).find(_product.default.productPriceTags).scrollIntoView().should('be.visible').contains(_products.default.products[0].price);",
              "err": {},
              "uuid": "795a9644-01f3-417e-b259-75f78650a248",
              "parentUUID": "821fe134-6a32-4870-8011-fc07853fed5f",
              "isHook": false,
              "skipped": false
            }
          ],
          "suites": [],
          "passes": [
            "a6b641c2-8672-408b-89ec-7ab0f63cdc76",
            "2cd0935f-b734-43e4-94eb-e4855d5edad8",
            "b5d6c429-acfa-4595-912a-e7df870ee0e4",
            "1c80cf21-13d2-4e97-b307-7465749997e3",
            "dc3c2f17-433f-4563-a493-3c710db9c7cb",
            "ee27bd9b-3998-4feb-93a1-264217971e6d",
            "3baf242c-cb4e-4b9f-a1f2-70c9a5b7db4e",
            "6f926597-a368-4393-ae7c-afb241541af9",
            "c674f0ca-8b9d-4fc2-830b-ae9813d21b59",
            "d573d949-0aaf-46a7-9432-10cfcf50c0b1",
            "3935980d-0762-4f91-aae1-5e55f9261ec5",
            "8ff68039-d114-4908-b397-7daf704c9e5d",
            "506d8d0f-c3d2-4e6c-a484-fab1574de5d2",
            "d34aed2c-b828-4c3b-b5c0-edd49cacbbbb",
            "7e173654-3bd6-4ecd-a7b9-d4de7ba45b96",
            "163707ea-6d05-4cd6-a643-c493e7c791c4",
            "112f313d-b5dc-4f88-aa63-884f6fcb1a32",
            "9b20c92c-4a6a-4bd8-a804-badbd74bbf41",
            "ca319b96-739e-4ae7-9d1a-b6e224fdbe71",
            "9e4d52ba-cf2d-4765-a358-61303554319f",
            "6390c8b1-5c1c-4774-bbce-13a0bde72674",
            "90a41dac-1558-4950-b799-882dda098544",
            "197aa4c2-e67f-4383-a519-18f70740003a",
            "ec632ae9-a4c5-4bd3-9800-d5cf0d58d360",
            "795a9644-01f3-417e-b259-75f78650a248"
          ],
          "failures": [],
          "pending": [],
          "skipped": [],
          "duration": 129425,
          "root": false,
          "rootEmpty": false,
          "_timeout": 2000
        },
        {
          "uuid": "64e98d8f-ed87-4b4a-8d1c-5d0963bec630",
          "title": "Product Details",
          "fullFile": "",
          "file": "",
          "beforeHooks": [],
          "afterHooks": [],
          "tests": [
            {
              "title": "Verify that the item name is displayed on the product detail page",
              "fullTitle": "Product Details Verify that the item name is displayed on the product detail page",
              "timedOut": null,
              "duration": 7376,
              "state": "passed",
              "speed": "medium",
              "pass": true,
              "fail": false,
              "pending": false,
              "context": null,
              "code": "cy.get(_product.default.getProductId(0)).find(_product.default.productImgs).scrollIntoView().should('be.visible').click();\ncy.get(_product.default.productDetailsName).should('be.visible').should('contain', _products.default.products[0].name.trim());",
              "err": {},
              "uuid": "e712c53f-aa8c-4f55-8643-f555fadc4b1f",
              "parentUUID": "64e98d8f-ed87-4b4a-8d1c-5d0963bec630",
              "isHook": false,
              "skipped": false
            },
            {
              "title": "Verify that the item description is displayed on the product detail page",
              "fullTitle": "Product Details Verify that the item description is displayed on the product detail page",
              "timedOut": null,
              "duration": 6247,
              "state": "passed",
              "speed": "medium",
              "pass": true,
              "fail": false,
              "pending": false,
              "context": null,
              "code": "cy.get(_product.default.getProductId(0)).find(_product.default.productImgs).scrollIntoView().should('be.visible').click();\ncy.get(_product.default.productDetailsInfo).eq(1).should('be.visible').should('contain', _products.default.products[0].description.trim());",
              "err": {},
              "uuid": "5b59fb2b-6c59-43ca-a83a-a5e901fba73b",
              "parentUUID": "64e98d8f-ed87-4b4a-8d1c-5d0963bec630",
              "isHook": false,
              "skipped": false
            },
            {
              "title": "Verify that the item price is displayed on the product detail page",
              "fullTitle": "Product Details Verify that the item price is displayed on the product detail page",
              "timedOut": null,
              "duration": 6444,
              "state": "passed",
              "speed": "medium",
              "pass": true,
              "fail": false,
              "pending": false,
              "context": null,
              "code": "cy.get(_product.default.getProductId(0)).find(_product.default.productImgs).scrollIntoView().should('be.visible').click();\ncy.get(_product.default.productDetailsInfo).eq(3).should('be.visible').should('contain', _products.default.products[0].price);",
              "err": {},
              "uuid": "1b139ddf-6c21-433d-84d2-124d11aa0328",
              "parentUUID": "64e98d8f-ed87-4b4a-8d1c-5d0963bec630",
              "isHook": false,
              "skipped": false
            },
            {
              "title": "Verify that the \"Add to Cart\" button is displayed on the product detail page",
              "fullTitle": "Product Details Verify that the \"Add to Cart\" button is displayed on the product detail page",
              "timedOut": null,
              "duration": 5804,
              "state": "passed",
              "speed": "medium",
              "pass": true,
              "fail": false,
              "pending": false,
              "context": null,
              "code": "cy.get(_product.default.getProductId(0)).find(_product.default.productImgs).scrollIntoView().should('be.visible').click();\ncy.get(_product.default.addToCartBtns).should('be.visible');",
              "err": {},
              "uuid": "d814fd48-6ac0-4975-a5f0-5571c3f31003",
              "parentUUID": "64e98d8f-ed87-4b4a-8d1c-5d0963bec630",
              "isHook": false,
              "skipped": false
            },
            {
              "title": "Verify that when the user clicks the \"Add to Cart\" button on the product detail page then the item is added to the cart",
              "fullTitle": "Product Details Verify that when the user clicks the \"Add to Cart\" button on the product detail page then the item is added to the cart",
              "timedOut": null,
              "duration": 7057,
              "state": "passed",
              "speed": "medium",
              "pass": true,
              "fail": false,
              "pending": false,
              "context": null,
              "code": "_product.default.addItemToCart(0);\ncy.get(_cart.default.itemInCartName).should('be.visible').and('have.text', _products.default.products[0].name);",
              "err": {},
              "uuid": "21059136-9a4c-472c-ad86-6a033139e8c1",
              "parentUUID": "64e98d8f-ed87-4b4a-8d1c-5d0963bec630",
              "isHook": false,
              "skipped": false
            }
          ],
          "suites": [],
          "passes": [
            "e712c53f-aa8c-4f55-8643-f555fadc4b1f",
            "5b59fb2b-6c59-43ca-a83a-a5e901fba73b",
            "1b139ddf-6c21-433d-84d2-124d11aa0328",
            "d814fd48-6ac0-4975-a5f0-5571c3f31003",
            "21059136-9a4c-472c-ad86-6a033139e8c1"
          ],
          "failures": [],
          "pending": [],
          "skipped": [],
          "duration": 32928,
          "root": false,
          "rootEmpty": false,
          "_timeout": 2000
        }
      ],
      "passes": [],
      "failures": [],
      "pending": [],
      "skipped": [],
      "duration": 0,
      "root": true,
      "rootEmpty": true,
      "_timeout": 2000
    },
    {
      "uuid": "3e40a453-d453-4758-8060-33266349241d",
      "title": "",
      "fullFile": "cypress\\e2e\\test\\search.cy.js",
      "file": "cypress\\e2e\\test\\search.cy.js",
      "beforeHooks": [],
      "afterHooks": [],
      "tests": [],
      "suites": [
        {
          "uuid": "94eccfbe-45dd-4229-b7e3-ca61c3a0505d",
          "title": "Filter and Sort",
          "fullFile": "",
          "file": "",
          "beforeHooks": [],
          "afterHooks": [],
          "tests": [
            {
              "title": "Verify that a user is able to search for an item using it's full name",
              "fullTitle": "Filter and Sort Verify that a user is able to search for an item using it's full name",
              "timedOut": null,
              "duration": 8816,
              "state": "passed",
              "speed": "medium",
              "pass": true,
              "fail": false,
              "pending": false,
              "context": null,
              "code": "_product.default.doSearch(_products.default.products[0].name.trim());\ncy.get(_product.default.productName).should('contain', _products.default.products[0].name.trim());",
              "err": {},
              "uuid": "4e14d5b3-2d53-43d6-a17d-1cd22bdde937",
              "parentUUID": "94eccfbe-45dd-4229-b7e3-ca61c3a0505d",
              "isHook": false,
              "skipped": false
            },
            {
              "title": "Verify that a user is able to search for an item using it's its partial name",
              "fullTitle": "Filter and Sort Verify that a user is able to search for an item using it's its partial name",
              "timedOut": null,
              "duration": 6822,
              "state": "passed",
              "speed": "medium",
              "pass": true,
              "fail": false,
              "pending": false,
              "context": null,
              "code": "_product.default.doSearch(_products.default.products[0].name.trim().slice(2));\ncy.get(_product.default.productName).should('contain', _products.default.products[0].name.trim());",
              "err": {},
              "uuid": "497f7bf8-61a4-4831-b044-40d953b763bf",
              "parentUUID": "94eccfbe-45dd-4229-b7e3-ca61c3a0505d",
              "isHook": false,
              "skipped": false
            },
            {
              "title": "Verify that a user is able to reset the search filter",
              "fullTitle": "Filter and Sort Verify that a user is able to reset the search filter",
              "timedOut": null,
              "duration": 6809,
              "state": "passed",
              "speed": "medium",
              "pass": true,
              "fail": false,
              "pending": false,
              "context": null,
              "code": "_product.default.doSearch(_products.default.products[0].name.trim().slice(2));\ncy.get(_product.default.productResetFilter).click();\ncy.get(_product.default.productName).each(($elem, index) => {\n  expect($elem.text()).equal(_products.default.products[index].name.trim());\n});",
              "err": {},
              "uuid": "17c3c6a1-bfe5-4f55-b4bd-ab67ac4fa7c8",
              "parentUUID": "94eccfbe-45dd-4229-b7e3-ca61c3a0505d",
              "isHook": false,
              "skipped": false
            },
            {
              "title": "Verify that a user sees not items on the product page if a invalid item is searched ",
              "fullTitle": "Filter and Sort Verify that a user sees not items on the product page if a invalid item is searched ",
              "timedOut": null,
              "duration": 5587,
              "state": "passed",
              "speed": "medium",
              "pass": true,
              "fail": false,
              "pending": false,
              "context": null,
              "code": "_product.default.doSearch('tttt');\ncy.get(_product.default.productTile).should('not.exist');",
              "err": {},
              "uuid": "c4d758e7-42fd-45cf-9329-e796b9ef6a29",
              "parentUUID": "94eccfbe-45dd-4229-b7e3-ca61c3a0505d",
              "isHook": false,
              "skipped": false
            }
          ],
          "suites": [],
          "passes": [
            "4e14d5b3-2d53-43d6-a17d-1cd22bdde937",
            "497f7bf8-61a4-4831-b044-40d953b763bf",
            "17c3c6a1-bfe5-4f55-b4bd-ab67ac4fa7c8",
            "c4d758e7-42fd-45cf-9329-e796b9ef6a29"
          ],
          "failures": [],
          "pending": [],
          "skipped": [],
          "duration": 28034,
          "root": false,
          "rootEmpty": false,
          "_timeout": 2000
        }
      ],
      "passes": [],
      "failures": [],
      "pending": [],
      "skipped": [],
      "duration": 0,
      "root": true,
      "rootEmpty": true,
      "_timeout": 2000
    },
    {
      "uuid": "c0bbb132-55e3-440c-8191-371ae7196feb",
      "title": "",
      "fullFile": "cypress\\e2e\\test\\add-to-cart.cy.js",
      "file": "cypress\\e2e\\test\\add-to-cart.cy.js",
      "beforeHooks": [],
      "afterHooks": [],
      "tests": [],
      "suites": [
        {
          "uuid": "9c8b1819-be6f-47f2-92e2-c36673704336",
          "title": "Add-to-cart",
          "fullFile": "",
          "file": "",
          "beforeHooks": [],
          "afterHooks": [],
          "tests": [
            {
              "title": "Verify that a user can add a single item to the cart",
              "fullTitle": "Add-to-cart Verify that a user can add a single item to the cart",
              "timedOut": null,
              "duration": 11410,
              "state": "passed",
              "speed": "slow",
              "pass": true,
              "fail": false,
              "pending": false,
              "context": null,
              "code": "cy.get(_product.default.getProductId(0)).find(_product.default.productImgs).should('be.visible').click();\ncy.get(_product.default.backToProductsBtn).should('be.visible');\ncy.get(_product.default.addToCartBtns).click();\ncy.get(_cart.default.cartCheckoutBtn).should('be.visible');\ncy.get(_cart.default.itemInCartName).eq(0).should('have.text', _products.default.products[0].name);",
              "err": {},
              "uuid": "df55cc90-945b-473d-9eeb-ba046991c448",
              "parentUUID": "9c8b1819-be6f-47f2-92e2-c36673704336",
              "isHook": false,
              "skipped": false
            },
            {
              "title": "Verify that a user can add multiple items to cart",
              "fullTitle": "Add-to-cart Verify that a user can add multiple items to cart",
              "timedOut": null,
              "duration": 9123,
              "state": "passed",
              "speed": "medium",
              "pass": true,
              "fail": false,
              "pending": false,
              "context": null,
              "code": "cy.get(_product.default.getProductId(0)).find(_product.default.productImgs).should('be.visible').click();\ncy.get(_product.default.backToProductsBtn).should('be.visible');\ncy.get(_product.default.addToCartBtns).click();\ncy.get(_cart.default.cartCheckoutBtn).should('be.visible');\ncy.get(_cart.default.cartBackBtn).click();\ncy.get(_product.default.backToProductsBtn).click();\ncy.get(_product.default.getProductId(1)).find(_product.default.productImgs).should('be.visible').click();\ncy.get(_product.default.backToProductsBtn).should('be.visible');\ncy.get(_product.default.addToCartBtns).click();\ncy.get(_cart.default.itemInCartName).eq(0).should('have.text', _products.default.products[1].name);\ncy.get(_cart.default.itemInCartName).eq(1).should('have.text', _products.default.products[0].name);",
              "err": {},
              "uuid": "acc93023-7682-45b8-936f-66fbe137ae30",
              "parentUUID": "9c8b1819-be6f-47f2-92e2-c36673704336",
              "isHook": false,
              "skipped": false
            },
            {
              "title": "Verify that a user is able to change the amount of an item they can add to cart",
              "fullTitle": "Add-to-cart Verify that a user is able to change the amount of an item they can add to cart",
              "timedOut": null,
              "duration": 7558,
              "state": "passed",
              "speed": "medium",
              "pass": true,
              "fail": false,
              "pending": false,
              "context": null,
              "code": "cy.get(_product.default.getProductId(0)).find(_product.default.productImgs).should('be.visible').click();\ncy.get(_product.default.backToProductsBtn).should('be.visible');\ncy.get(_product.default.increaseProductAmountBtn).click();\ncy.get(_product.default.increaseProductAmountBtn).click();\ncy.get(_product.default.addToCartBtns).click();\ncy.get(_cart.default.quantityInCart).should('have.text', '3');",
              "err": {},
              "uuid": "1830f5ed-b229-4dda-a052-e6c90624df00",
              "parentUUID": "9c8b1819-be6f-47f2-92e2-c36673704336",
              "isHook": false,
              "skipped": false
            },
            {
              "title": "Verify that the total in the cart updates with each item added",
              "fullTitle": "Add-to-cart Verify that the total in the cart updates with each item added",
              "timedOut": null,
              "duration": 7704,
              "state": "passed",
              "speed": "medium",
              "pass": true,
              "fail": false,
              "pending": false,
              "context": null,
              "code": "cy.get(_product.default.getProductId(0)).find(_product.default.productImgs).should('be.visible').click();\ncy.get(_product.default.backToProductsBtn).should('be.visible');\ncy.get(_product.default.addToCartBtns).click();\ncy.get(_cart.default.cartCheckoutBtn).should('be.visible');\ncy.get(_cart.default.cartBackBtn).click();\ncy.get(_product.default.addToCartBtns).click();\ncy.get(_cart.default.cartTotal).should('be.visible').contains(`${_products.default.products[0].price + _products.default.products[0].price}`);",
              "err": {},
              "uuid": "83fdaa25-d7c4-4e82-bb38-f789639cb984",
              "parentUUID": "9c8b1819-be6f-47f2-92e2-c36673704336",
              "isHook": false,
              "skipped": false
            }
          ],
          "suites": [],
          "passes": [
            "df55cc90-945b-473d-9eeb-ba046991c448",
            "acc93023-7682-45b8-936f-66fbe137ae30",
            "1830f5ed-b229-4dda-a052-e6c90624df00",
            "83fdaa25-d7c4-4e82-bb38-f789639cb984"
          ],
          "failures": [],
          "pending": [],
          "skipped": [],
          "duration": 35795,
          "root": false,
          "rootEmpty": false,
          "_timeout": 2000
        }
      ],
      "passes": [],
      "failures": [],
      "pending": [],
      "skipped": [],
      "duration": 0,
      "root": true,
      "rootEmpty": true,
      "_timeout": 2000
    }
  ],
  "meta": {
    "mocha": {
      "version": "7.0.1"
    },
    "mochawesome": {
      "options": {
        "quiet": false,
        "reportFilename": "mochawesome",
        "saveHtml": false,
        "saveJson": true,
        "consoleReporter": "spec",
        "useInlineDiffs": false,
        "code": true
      },
      "version": "7.1.3"
    },
    "marge": {
      "options": {
        "reportDir": "cypress/reports",
        "overwrite": false,
        "html": false,
        "json": true
      },
      "version": "6.2.0"
    }
  }
}